<?xml version="1.0" encoding="utf-8"?><testsuites name="pytest tests"><testsuite name="pytest" errors="0" failures="0" skipped="0" tests="9" time="1.301" timestamp="2026-05-12T23:34:50.021777+00:00" hostname="agent-env-7da1a4d4-1327-416c-a2ca-afe132d9dd66"><testcase classname="backend.tests.test_mejoratuweb.TestHealth" name="test_health_ok" time="0.318" /><testcase classname="backend.tests.test_mejoratuweb.TestQuickScan" name="test_quick_scan_example" time="0.281" /><testcase classname="backend.tests.test_mejoratuweb.TestQuickScan" name="test_quick_scan_empty_url_returns_400" time="0.061" /><testcase classname="backend.tests.test_mejoratuweb.TestQuickScan" name="test_quick_scan_normalizes_url" time="0.159" /><testcase classname="backend.tests.test_mejoratuweb.TestAnalyze" name="test_analyze_fallback_heuristic" time="0.157" /><testcase classname="backend.tests.test_mejoratuweb.TestPayments" name="test_create_checkout_returns_stripe_url" time="0.088" /><testcase classname="backend.tests.test_mejoratuweb.TestEmail" name="test_email_subscribe" time="0.071" /><testcase classname="backend.tests.test_mejoratuweb.TestCORS" name="test_cors_allowed_origins[https://mejoratuweb.org]" time="0.022" /><testcase classname="backend.tests.test_mejoratuweb.TestCORS" name="test_cors_allowed_origins[https://mejoratuweb.onrender.com]" time="0.021" /></testsuite></testsuites>